<?xml version="1.0" encoding="UTF-8"?>
<testsuite xmlns:xsi="http://www.w3.org/2001/XMLSchema-instance" xsi:noNamespaceSchemaLocation="https://maven.apache.org/surefire/maven-surefire-plugin/xsd/surefire-test-report.xsd" name="org.glasswall.solutions.client.RebuildClientTest" time="1.508" tests="13" errors="4" skipped="0" failures="0">
  <properties>
    <property name="gopherProxySet" value="false"/>
    <property name="awt.toolkit" value="sun.lwawt.macosx.LWCToolkit"/>
    <property name="java.specification.version" value="11"/>
    <property name="sun.cpu.isalist" value=""/>
    <property name="sun.jnu.encoding" value="UTF-8"/>
    <property name="java.class.path" value="/Users/nikita/Documents/glasswall-solutions/target/test-classes:/Users/nikita/Documents/glasswall-solutions/target/classes:/Users/nikita/.m2/repository/junit/junit/4.11/junit-4.11.jar:/Users/nikita/.m2/repository/org/hamcrest/hamcrest-core/1.3/hamcrest-core-1.3.jar:/Users/nikita/.m2/repository/org/projectlombok/lombok/1.18.12/lombok-1.18.12.jar:/Users/nikita/.m2/repository/com/google/code/gson/gson/2.8.6/gson-2.8.6.jar:/Users/nikita/.m2/repository/org/mockito/mockito-core/3.3.3/mockito-core-3.3.3.jar:/Users/nikita/.m2/repository/net/bytebuddy/byte-buddy/1.10.5/byte-buddy-1.10.5.jar:/Users/nikita/.m2/repository/net/bytebuddy/byte-buddy-agent/1.10.5/byte-buddy-agent-1.10.5.jar:/Users/nikita/.m2/repository/org/objenesis/objenesis/2.6/objenesis-2.6.jar:/Users/nikita/.m2/repository/com/fasterxml/jackson/core/jackson-annotations/2.11.0/jackson-annotations-2.11.0.jar:/Users/nikita/.m2/repository/commons-io/commons-io/2.6/commons-io-2.6.jar:"/>
    <property name="java.vm.vendor" value="Oracle Corporation"/>
    <property name="sun.arch.data.model" value="64"/>
    <property name="java.vendor.url" value="http://java.oracle.com/"/>
    <property name="user.timezone" value=""/>
    <property name="java.vm.specification.version" value="11"/>
    <property name="os.name" value="Mac OS X"/>
    <property name="sun.java.launcher" value="SUN_STANDARD"/>
    <property name="user.country" value="UA"/>
    <property name="sun.boot.library.path" value="/Library/Java/JavaVirtualMachines/openjdk-11.0.1.jdk/Contents/Home/lib"/>
    <property name="sun.java.command" value="/Users/nikita/Documents/glasswall-solutions/target/surefire/surefirebooter8667724658747288105.jar /Users/nikita/Documents/glasswall-solutions/target/surefire 2020-11-24T11-04-49_856-jvmRun1 surefire12548291630148697920tmp surefire_08674048503089896242tmp"/>
    <property name="jdk.debug" value="release"/>
    <property name="surefire.test.class.path" value="/Users/nikita/Documents/glasswall-solutions/target/test-classes:/Users/nikita/Documents/glasswall-solutions/target/classes:/Users/nikita/.m2/repository/junit/junit/4.11/junit-4.11.jar:/Users/nikita/.m2/repository/org/hamcrest/hamcrest-core/1.3/hamcrest-core-1.3.jar:/Users/nikita/.m2/repository/org/projectlombok/lombok/1.18.12/lombok-1.18.12.jar:/Users/nikita/.m2/repository/com/google/code/gson/gson/2.8.6/gson-2.8.6.jar:/Users/nikita/.m2/repository/org/mockito/mockito-core/3.3.3/mockito-core-3.3.3.jar:/Users/nikita/.m2/repository/net/bytebuddy/byte-buddy/1.10.5/byte-buddy-1.10.5.jar:/Users/nikita/.m2/repository/net/bytebuddy/byte-buddy-agent/1.10.5/byte-buddy-agent-1.10.5.jar:/Users/nikita/.m2/repository/org/objenesis/objenesis/2.6/objenesis-2.6.jar:/Users/nikita/.m2/repository/com/fasterxml/jackson/core/jackson-annotations/2.11.0/jackson-annotations-2.11.0.jar:/Users/nikita/.m2/repository/commons-io/commons-io/2.6/commons-io-2.6.jar:"/>
    <property name="sun.cpu.endian" value="little"/>
    <property name="user.home" value="/Users/nikita"/>
    <property name="user.language" value="ru"/>
    <property name="java.specification.vendor" value="Oracle Corporation"/>
    <property name="java.version.date" value="2018-10-16"/>
    <property name="java.home" value="/Library/Java/JavaVirtualMachines/openjdk-11.0.1.jdk/Contents/Home"/>
    <property name="file.separator" value="/"/>
    <property name="basedir" value="/Users/nikita/Documents/glasswall-solutions"/>
    <property name="java.vm.compressedOopsMode" value="Zero based"/>
    <property name="line.separator" value="&#10;"/>
    <property name="java.specification.name" value="Java Platform API Specification"/>
    <property name="java.vm.specification.vendor" value="Oracle Corporation"/>
    <property name="java.awt.graphicsenv" value="sun.awt.CGraphicsEnvironment"/>
    <property name="surefire.real.class.path" value="/Users/nikita/Documents/glasswall-solutions/target/surefire/surefirebooter8667724658747288105.jar"/>
    <property name="sun.management.compiler" value="HotSpot 64-Bit Tiered Compilers"/>
    <property name="java.runtime.version" value="11.0.1+13"/>
    <property name="user.name" value="nikita"/>
    <property name="path.separator" value=":"/>
    <property name="os.version" value="10.16"/>
    <property name="java.runtime.name" value="OpenJDK Runtime Environment"/>
    <property name="file.encoding" value="UTF-8"/>
    <property name="java.vm.name" value="OpenJDK 64-Bit Server VM"/>
    <property name="java.vendor.version" value="18.9"/>
    <property name="localRepository" value="/Users/nikita/.m2/repository"/>
    <property name="java.vendor.url.bug" value="http://bugreport.java.com/bugreport/"/>
    <property name="java.io.tmpdir" value="/var/folders/5j/276xrfv513l1kdbvq3m2ctbc0000gn/T/"/>
    <property name="idea.version" value="2020.2.3"/>
    <property name="java.version" value="11.0.1"/>
    <property name="user.dir" value="/Users/nikita/Documents/glasswall-solutions"/>
    <property name="os.arch" value="x86_64"/>
    <property name="java.vm.specification.name" value="Java Virtual Machine Specification"/>
    <property name="java.awt.printerjob" value="sun.lwawt.macosx.CPrinterJob"/>
    <property name="sun.os.patch.level" value="unknown"/>
    <property name="java.library.path" value="/Users/nikita/Library/Java/Extensions:/Library/Java/Extensions:/Network/Library/Java/Extensions:/System/Library/Java/Extensions:/usr/lib/java:."/>
    <property name="java.vendor" value="Oracle Corporation"/>
    <property name="java.vm.info" value="mixed mode"/>
    <property name="java.vm.version" value="11.0.1+13"/>
    <property name="sun.io.unicode.encoding" value="UnicodeBig"/>
    <property name="java.class.version" value="55.0"/>
  </properties>
  <testcase name="testRebuildBase64UnSuccessResponse" classname="org.glasswall.solutions.client.RebuildClientTest" time="0.667">
    <error message="Unexpected exception, expected&lt;org.glasswall.solutions.exceptions.RebuildApiException&gt; but was&lt;java.lang.NullPointerException&gt;" type="java.lang.Exception"><![CDATA[java.lang.Exception: Unexpected exception, expected<org.glasswall.solutions.exceptions.RebuildApiException> but was<java.lang.NullPointerException>
	at org.glasswall.solutions.client.RebuildClientTest.testRebuildBase64UnSuccessResponse(RebuildClientTest.java:119)
]]></error>
  </testcase>
  <testcase name="testConstructorHostUrlIsNull" classname="org.glasswall.solutions.client.RebuildClientTest" time="0"/>
  <testcase name="testRebuildBase64FileDoesntExist" classname="org.glasswall.solutions.client.RebuildClientTest" time="0.013"/>
  <testcase name="testConstructorHttpClientPresent" classname="org.glasswall.solutions.client.RebuildClientTest" time="0.511"/>
  <testcase name="testconstructorWithHostOnly" classname="org.glasswall.solutions.client.RebuildClientTest" time="0"/>
  <testcase name="testRebuildBase64" classname="org.glasswall.solutions.client.RebuildClientTest" time="0.013">
    <error type="java.lang.NullPointerException">java.lang.NullPointerException
	at org.glasswall.solutions.client.RebuildClientTest.testRebuildBase64(RebuildClientTest.java:177)
</error>
  </testcase>
  <testcase name="testRebuild" classname="org.glasswall.solutions.client.RebuildClientTest" time="0.031">
    <error type="java.lang.NullPointerException">java.lang.NullPointerException
	at org.glasswall.solutions.client.RebuildClientTest.testRebuild(RebuildClientTest.java:76)
</error>
  </testcase>
  <testcase name="testRebuildBase64FileIsDirectory" classname="org.glasswall.solutions.client.RebuildClientTest" time="0"/>
  <testcase name="testRebuildBase64ContentAreTheSame" classname="org.glasswall.solutions.client.RebuildClientTest" time="0.046">
    <error message="Unexpected exception, expected&lt;org.glasswall.solutions.exceptions.RebuildApiException&gt; but was&lt;java.lang.NullPointerException&gt;" type="java.lang.Exception"><![CDATA[java.lang.Exception: Unexpected exception, expected<org.glasswall.solutions.exceptions.RebuildApiException> but was<java.lang.NullPointerException>
	at org.glasswall.solutions.client.RebuildClientTest.testRebuildBase64ContentAreTheSame(RebuildClientTest.java:148)
]]></error>
  </testcase>
  <testcase name="testRebuildFile" classname="org.glasswall.solutions.client.RebuildClientTest" time="0.168"/>
  <testcase name="testConstructorHttpClientPresentNotNull" classname="org.glasswall.solutions.client.RebuildClientTest" time="0"/>
  <testcase name="testconstructorWithHostOnlyHostIsNull" classname="org.glasswall.solutions.client.RebuildClientTest" time="0.001"/>
  <testcase name="testRebuildFileResponseIs500" classname="org.glasswall.solutions.client.RebuildClientTest" time="0.007"/>
</testsuite>